2021-01-02 01:28:41 367  [ pool-1-thread-1:128 ] - [ TRACE ]  The kitchen 13 receive and cooked the order:a8cfcb76-7f24-4420-a5ba-d46dd77bdffd try to put into Frozen shelf
2021-01-02 01:28:41 369  [ pool-1-thread-1:130 ] - [ TRACE ]  The kitchen 13successfully put the order a8cfcb76-7f24-4420-a5ba-d46dd77bdffd to the Frozen shelf
2021-01-02 01:28:41 369  [ pool-1-thread-1:130 ] - [ TRACE ]  The kitchen 13 put the order:a8cfcb76-7f24-4420-a5ba-d46dd77bdffd into Frozen shelf and call the courier
2021-01-02 01:28:41 372  [ pool-1-thread-10:133 ] - [ TRACE ]  The kitchen 22 receive and cooked the order:74e0893f-8544-4298-b507-9cf5ab847d83 try to put into Hot shelf
2021-01-02 01:28:41 374  [ pool-1-thread-9:135 ] - [ TRACE ]  The kitchen 21 receive and cooked the order:0a6537d7-9568-400e-9857-7aceb4e7347c try to put into Frozen shelf
2021-01-02 01:28:41 374  [ pool-1-thread-10:135 ] - [ TRACE ]  The kitchen 22successfully put the order 74e0893f-8544-4298-b507-9cf5ab847d83 to the Hot shelf
2021-01-02 01:28:41 376  [ pool-1-thread-9:137 ] - [ TRACE ]  The kitchen 21successfully put the order 0a6537d7-9568-400e-9857-7aceb4e7347c to the Frozen shelf
2021-01-02 01:28:41 376  [ pool-1-thread-8:137 ] - [ TRACE ]  The kitchen 20 receive and cooked the order:4cc9d503-4e0e-42a3-b200-87c785468df9 try to put into Cold shelf
2021-01-02 01:28:41 376  [ pool-1-thread-7:137 ] - [ TRACE ]  The kitchen 19 receive and cooked the order:66a2611c-9a93-4ccd-bb85-98f423247bf9 try to put into Cold shelf
2021-01-02 01:28:41 376  [ pool-1-thread-8:137 ] - [ TRACE ]  The kitchen 20successfully put the order 4cc9d503-4e0e-42a3-b200-87c785468df9 to the Cold shelf
2021-01-02 01:28:41 377  [ pool-1-thread-7:138 ] - [ TRACE ]  The kitchen 19successfully put the order 66a2611c-9a93-4ccd-bb85-98f423247bf9 to the Cold shelf
2021-01-02 01:28:41 377  [ pool-1-thread-6:138 ] - [ TRACE ]  The kitchen 18 receive and cooked the order:c18e1242-0856-4203-a98c-7066ead3bd6b try to put into Cold shelf
2021-01-02 01:28:41 378  [ pool-1-thread-5:139 ] - [ TRACE ]  The kitchen 17 receive and cooked the order:972aa5b8-5d83-4d5e-8cf3-8a1a1437b18a try to put into Frozen shelf
2021-01-02 01:28:41 378  [ pool-1-thread-6:139 ] - [ TRACE ]  The kitchen 18successfully put the order c18e1242-0856-4203-a98c-7066ead3bd6b to the Cold shelf
2021-01-02 01:28:41 379  [ pool-1-thread-4:140 ] - [ TRACE ]  The kitchen 16 receive and cooked the order:690b85f7-8c7d-4337-bd02-04e04454c826 try to put into Cold shelf
2021-01-02 01:28:41 379  [ pool-1-thread-5:140 ] - [ TRACE ]  The kitchen 17successfully put the order 972aa5b8-5d83-4d5e-8cf3-8a1a1437b18a to the Frozen shelf
2021-01-02 01:28:41 381  [ pool-1-thread-4:142 ] - [ TRACE ]  The kitchen 16successfully put the order 690b85f7-8c7d-4337-bd02-04e04454c826 to the Cold shelf
2021-01-02 01:28:41 381  [ pool-1-thread-3:142 ] - [ TRACE ]  The kitchen 15 receive and cooked the order:2ec069e3-576f-48eb-869f-74a540ef840c try to put into Cold shelf
2021-01-02 01:28:41 382  [ pool-1-thread-3:143 ] - [ TRACE ]  The kitchen 15successfully put the order 2ec069e3-576f-48eb-869f-74a540ef840c to the Cold shelf
2021-01-02 01:28:41 382  [ pool-1-thread-2:143 ] - [ TRACE ]  The kitchen 14 receive and cooked the order:58e9b5fe-3fde-4a27-8e98-682e58a4a65d try to put into Frozen shelf
2021-01-02 01:28:41 383  [ pool-1-thread-2:144 ] - [ TRACE ]  The kitchen 14successfully put the order 58e9b5fe-3fde-4a27-8e98-682e58a4a65d to the Frozen shelf
2021-01-02 01:28:41 383  [ pool-1-thread-3:144 ] - [ TRACE ]  The kitchen 15 put the order:2ec069e3-576f-48eb-869f-74a540ef840c into Cold shelf and call the courier
2021-01-02 01:28:41 384  [ pool-1-thread-4:145 ] - [ TRACE ]  The kitchen 16 put the order:690b85f7-8c7d-4337-bd02-04e04454c826 into Cold shelf and call the courier
2021-01-02 01:28:41 385  [ pool-1-thread-5:146 ] - [ TRACE ]  The kitchen 17 put the order:972aa5b8-5d83-4d5e-8cf3-8a1a1437b18a into Frozen shelf and call the courier
2021-01-02 01:28:41 386  [ pool-1-thread-6:147 ] - [ TRACE ]  The kitchen 18 put the order:c18e1242-0856-4203-a98c-7066ead3bd6b into Cold shelf and call the courier
2021-01-02 01:28:41 387  [ pool-2-thread-1:148 ] - [ TRACE ]  The courier 24 get noticed to pick the order:a8cfcb76-7f24-4420-a5ba-d46dd77bdffd from Frozen shelf
2021-01-02 01:28:41 389  [ pool-1-thread-7:150 ] - [ TRACE ]  The kitchen 19 put the order:66a2611c-9a93-4ccd-bb85-98f423247bf9 into Cold shelf and call the courier
2021-01-02 01:28:41 390  [ pool-1-thread-8:151 ] - [ TRACE ]  The kitchen 20 put the order:4cc9d503-4e0e-42a3-b200-87c785468df9 into Cold shelf and call the courier
2021-01-02 01:28:41 391  [ pool-1-thread-9:152 ] - [ TRACE ]  The kitchen 21 put the order:0a6537d7-9568-400e-9857-7aceb4e7347c into Frozen shelf and call the courier
2021-01-02 01:28:41 392  [ pool-1-thread-10:153 ] - [ TRACE ]  The kitchen 22 put the order:74e0893f-8544-4298-b507-9cf5ab847d83 into Hot shelf and call the courier
2021-01-02 01:28:41 393  [ pool-2-thread-8:154 ] - [ TRACE ]  The courier 38 get noticed to pick the order:0a6537d7-9568-400e-9857-7aceb4e7347c from Frozen shelf
2021-01-02 01:28:41 394  [ pool-2-thread-7:155 ] - [ TRACE ]  The courier 36 get noticed to pick the order:4cc9d503-4e0e-42a3-b200-87c785468df9 from Cold shelf
2021-01-02 01:28:41 395  [ pool-2-thread-6:156 ] - [ TRACE ]  The courier 34 get noticed to pick the order:66a2611c-9a93-4ccd-bb85-98f423247bf9 from Cold shelf
2021-01-02 01:28:41 395  [ pool-2-thread-1:156 ] - [ TRACE ]  The courier 24 will pick the order in :6 seconds
2021-01-02 01:28:41 396  [ pool-2-thread-5:157 ] - [ TRACE ]  The courier 32 get noticed to pick the order:c18e1242-0856-4203-a98c-7066ead3bd6b from Cold shelf
2021-01-02 01:28:41 397  [ pool-2-thread-4:158 ] - [ TRACE ]  The courier 30 get noticed to pick the order:972aa5b8-5d83-4d5e-8cf3-8a1a1437b18a from Frozen shelf
2021-01-02 01:28:41 398  [ pool-2-thread-3:159 ] - [ TRACE ]  The courier 28 get noticed to pick the order:690b85f7-8c7d-4337-bd02-04e04454c826 from Cold shelf
2021-01-02 01:28:41 399  [ pool-2-thread-2:160 ] - [ TRACE ]  The courier 26 get noticed to pick the order:2ec069e3-576f-48eb-869f-74a540ef840c from Cold shelf
2021-01-02 01:28:41 400  [ pool-1-thread-2:161 ] - [ TRACE ]  The kitchen 14 put the order:58e9b5fe-3fde-4a27-8e98-682e58a4a65d into Frozen shelf and call the courier
2021-01-02 01:28:41 401  [ pool-2-thread-2:162 ] - [ TRACE ]  The courier 26 will pick the order in :3 seconds
2021-01-02 01:28:41 402  [ pool-2-thread-3:163 ] - [ TRACE ]  The courier 28 will pick the order in :6 seconds
2021-01-02 01:28:41 402  [ pool-2-thread-4:163 ] - [ TRACE ]  The courier 30 will pick the order in :5 seconds
2021-01-02 01:28:41 403  [ pool-2-thread-5:164 ] - [ TRACE ]  The courier 32 will pick the order in :5 seconds
2021-01-02 01:28:41 404  [ pool-2-thread-6:165 ] - [ TRACE ]  The courier 34 will pick the order in :2 seconds
2021-01-02 01:28:41 405  [ pool-2-thread-7:166 ] - [ TRACE ]  The courier 36 will pick the order in :3 seconds
2021-01-02 01:28:41 406  [ pool-2-thread-8:167 ] - [ TRACE ]  The courier 38 will pick the order in :5 seconds
2021-01-02 01:28:41 406  [ pool-2-thread-9:167 ] - [ TRACE ]  The courier 40 get noticed to pick the order:74e0893f-8544-4298-b507-9cf5ab847d83 from Hot shelf
2021-01-02 01:28:41 407  [ pool-2-thread-10:168 ] - [ TRACE ]  The courier 42 get noticed to pick the order:58e9b5fe-3fde-4a27-8e98-682e58a4a65d from Frozen shelf
2021-01-02 01:28:41 408  [ pool-2-thread-9:169 ] - [ TRACE ]  The courier 40 will pick the order in :6 seconds
2021-01-02 01:28:41 408  [ pool-2-thread-10:169 ] - [ TRACE ]  The courier 42 will pick the order in :3 seconds
2021-01-02 01:28:42 375  [ pool-1-thread-21:1136 ] - [ TRACE ]  The kitchen 43 receive and cooked the order:7a5ea4ed-e378-4354-8ab3-a09cf563f621 try to put into Frozen shelf
2021-01-02 01:28:42 377  [ pool-1-thread-21:1138 ] - [ TRACE ]  The kitchen 43successfully put the order 7a5ea4ed-e378-4354-8ab3-a09cf563f621 to the Frozen shelf
2021-01-02 01:28:42 377  [ pool-1-thread-28:1138 ] - [ TRACE ]  The kitchen 50 receive and cooked the order:a9f8f42f-7a58-4629-8b66-1acbf362f3b8 try to put into Cold shelf
2021-01-02 01:28:42 378  [ pool-1-thread-28:1139 ] - [ TRACE ]  The kitchen 50 is failed to put the order:a9f8f42f-7a58-4629-8b66-1acbf362f3b8 into Cold shelf, now try to put it into Overflow shelf
2021-01-02 01:28:42 378  [ pool-1-thread-28:1139 ] - [ TRACE ]  The kitchen 50successfully put the order a9f8f42f-7a58-4629-8b66-1acbf362f3b8 to the Overflow shelf
2021-01-02 01:28:42 378  [ pool-1-thread-27:1139 ] - [ TRACE ]  The kitchen 49 receive and cooked the order:1a4d0e6d-e50e-4ec0-ad5d-0f33e6a724e6 try to put into Cold shelf
2021-01-02 01:28:42 379  [ pool-1-thread-27:1140 ] - [ TRACE ]  The kitchen 49 is failed to put the order:1a4d0e6d-e50e-4ec0-ad5d-0f33e6a724e6 into Cold shelf, now try to put it into Overflow shelf
2021-01-02 01:28:42 379  [ pool-1-thread-27:1140 ] - [ TRACE ]  The kitchen 49successfully put the order 1a4d0e6d-e50e-4ec0-ad5d-0f33e6a724e6 to the Overflow shelf
2021-01-02 01:28:42 379  [ pool-1-thread-26:1140 ] - [ TRACE ]  The kitchen 48 receive and cooked the order:2bfc7ca9-d8ea-4625-9a03-6aa4b5fb635e try to put into Hot shelf
2021-01-02 01:28:42 380  [ pool-1-thread-26:1141 ] - [ TRACE ]  The kitchen 48successfully put the order 2bfc7ca9-d8ea-4625-9a03-6aa4b5fb635e to the Hot shelf
2021-01-02 01:28:42 380  [ pool-1-thread-25:1141 ] - [ TRACE ]  The kitchen 47 receive and cooked the order:e868e485-c759-411b-b439-ca7086326bf6 try to put into Hot shelf
2021-01-02 01:28:42 381  [ pool-1-thread-25:1142 ] - [ TRACE ]  The kitchen 47successfully put the order e868e485-c759-411b-b439-ca7086326bf6 to the Hot shelf
2021-01-02 01:28:42 381  [ pool-1-thread-24:1142 ] - [ TRACE ]  The kitchen 46 receive and cooked the order:d4ead98f-a158-429c-9c0d-28ab0fa830a6 try to put into Hot shelf
2021-01-02 01:28:42 382  [ pool-1-thread-24:1143 ] - [ TRACE ]  The kitchen 46successfully put the order d4ead98f-a158-429c-9c0d-28ab0fa830a6 to the Hot shelf
2021-01-02 01:28:42 382  [ pool-1-thread-23:1143 ] - [ TRACE ]  The kitchen 45 receive and cooked the order:2e7f4153-92cb-43e2-96f4-d77e2f25422b try to put into Cold shelf
2021-01-02 01:28:42 383  [ pool-1-thread-23:1144 ] - [ TRACE ]  The kitchen 45 is failed to put the order:2e7f4153-92cb-43e2-96f4-d77e2f25422b into Cold shelf, now try to put it into Overflow shelf
2021-01-02 01:28:42 383  [ pool-1-thread-22:1144 ] - [ TRACE ]  The kitchen 44 receive and cooked the order:60fbe431-7f7f-46c5-8ecf-6a26ae898685 try to put into Hot shelf
2021-01-02 01:28:42 383  [ pool-1-thread-23:1144 ] - [ TRACE ]  The kitchen 45successfully put the order 2e7f4153-92cb-43e2-96f4-d77e2f25422b to the Overflow shelf
2021-01-02 01:28:42 384  [ pool-1-thread-23:1145 ] - [ TRACE ]  The kitchen 45 put the order:2e7f4153-92cb-43e2-96f4-d77e2f25422b into Overflow shelf and call the courier
2021-01-02 01:28:42 384  [ pool-1-thread-22:1145 ] - [ TRACE ]  The kitchen 44successfully put the order 60fbe431-7f7f-46c5-8ecf-6a26ae898685 to the Hot shelf
2021-01-02 01:28:42 385  [ pool-1-thread-24:1146 ] - [ TRACE ]  The kitchen 46 put the order:d4ead98f-a158-429c-9c0d-28ab0fa830a6 into Hot shelf and call the courier
2021-01-02 01:28:42 386  [ pool-1-thread-25:1147 ] - [ TRACE ]  The kitchen 47 put the order:e868e485-c759-411b-b439-ca7086326bf6 into Hot shelf and call the courier
2021-01-02 01:28:42 387  [ pool-1-thread-26:1148 ] - [ TRACE ]  The kitchen 48 put the order:2bfc7ca9-d8ea-4625-9a03-6aa4b5fb635e into Hot shelf and call the courier
2021-01-02 01:28:42 392  [ pool-1-thread-27:1153 ] - [ TRACE ]  The kitchen 49 put the order:1a4d0e6d-e50e-4ec0-ad5d-0f33e6a724e6 into Overflow shelf and call the courier
2021-01-02 01:28:42 393  [ pool-1-thread-28:1154 ] - [ TRACE ]  The kitchen 50 put the order:a9f8f42f-7a58-4629-8b66-1acbf362f3b8 into Overflow shelf and call the courier
2021-01-02 01:28:42 394  [ pool-1-thread-30:1155 ] - [ TRACE ]  The kitchen 52 receive and cooked the order:916ddba3-9c25-4065-8a90-ecf5c40c8394 try to put into Frozen shelf
2021-01-02 01:28:42 394  [ pool-1-thread-30:1155 ] - [ TRACE ]  The kitchen 52 is failed to put the order:916ddba3-9c25-4065-8a90-ecf5c40c8394 into Frozen shelf, now try to put it into Overflow shelf
2021-01-02 01:28:42 394  [ pool-1-thread-21:1155 ] - [ TRACE ]  The kitchen 43 put the order:7a5ea4ed-e378-4354-8ab3-a09cf563f621 into Frozen shelf and call the courier
2021-01-02 01:28:42 394  [ pool-1-thread-30:1155 ] - [ TRACE ]  The kitchen 52successfully put the order 916ddba3-9c25-4065-8a90-ecf5c40c8394 to the Overflow shelf
2021-01-02 01:28:42 395  [ pool-1-thread-29:1156 ] - [ TRACE ]  The kitchen 51 receive and cooked the order:6d2c9eb3-6ff8-408a-a60d-e60eaa467dae try to put into Cold shelf
2021-01-02 01:28:42 396  [ pool-1-thread-29:1157 ] - [ TRACE ]  The kitchen 51 is failed to put the order:6d2c9eb3-6ff8-408a-a60d-e60eaa467dae into Cold shelf, now try to put it into Overflow shelf
2021-01-02 01:28:42 396  [ pool-2-thread-17:1157 ] - [ TRACE ]  The courier 66 get noticed to pick the order:7a5ea4ed-e378-4354-8ab3-a09cf563f621 from Frozen shelf
2021-01-02 01:28:42 396  [ pool-1-thread-29:1157 ] - [ TRACE ]  The kitchen 51successfully put the order 6d2c9eb3-6ff8-408a-a60d-e60eaa467dae to the Overflow shelf
2021-01-02 01:28:42 397  [ pool-1-thread-30:1158 ] - [ TRACE ]  The kitchen 52 put the order:916ddba3-9c25-4065-8a90-ecf5c40c8394 into Overflow shelf and call the courier
2021-01-02 01:28:42 397  [ pool-2-thread-16:1158 ] - [ TRACE ]  The courier 64 get noticed to pick the order:a9f8f42f-7a58-4629-8b66-1acbf362f3b8 from Overflow shelf
2021-01-02 01:28:42 398  [ pool-2-thread-15:1159 ] - [ TRACE ]  The courier 62 get noticed to pick the order:1a4d0e6d-e50e-4ec0-ad5d-0f33e6a724e6 from Overflow shelf
2021-01-02 01:28:42 399  [ pool-2-thread-14:1160 ] - [ TRACE ]  The courier 60 get noticed to pick the order:2bfc7ca9-d8ea-4625-9a03-6aa4b5fb635e from Hot shelf
2021-01-02 01:28:42 399  [ pool-2-thread-13:1160 ] - [ TRACE ]  The courier 58 get noticed to pick the order:e868e485-c759-411b-b439-ca7086326bf6 from Hot shelf
2021-01-02 01:28:42 400  [ pool-2-thread-12:1161 ] - [ TRACE ]  The courier 56 get noticed to pick the order:d4ead98f-a158-429c-9c0d-28ab0fa830a6 from Hot shelf
2021-01-02 01:28:42 401  [ pool-2-thread-11:1162 ] - [ TRACE ]  The courier 54 get noticed to pick the order:2e7f4153-92cb-43e2-96f4-d77e2f25422b from Overflow shelf
2021-01-02 01:28:42 402  [ pool-1-thread-22:1163 ] - [ TRACE ]  The kitchen 44 put the order:60fbe431-7f7f-46c5-8ecf-6a26ae898685 into Hot shelf and call the courier
2021-01-02 01:28:42 402  [ pool-2-thread-11:1163 ] - [ TRACE ]  The courier 54 will pick the order in :6 seconds
2021-01-02 01:28:42 403  [ pool-2-thread-12:1164 ] - [ TRACE ]  The courier 56 will pick the order in :3 seconds
2021-01-02 01:28:42 404  [ pool-2-thread-13:1165 ] - [ TRACE ]  The courier 58 will pick the order in :5 seconds
2021-01-02 01:28:42 404  [ pool-2-thread-14:1165 ] - [ TRACE ]  The courier 60 will pick the order in :5 seconds
2021-01-02 01:28:42 405  [ pool-2-thread-15:1166 ] - [ TRACE ]  The courier 62 will pick the order in :5 seconds
2021-01-02 01:28:42 405  [ pool-2-thread-16:1166 ] - [ TRACE ]  The courier 64 will pick the order in :6 seconds
2021-01-02 01:28:42 406  [ pool-2-thread-18:1167 ] - [ TRACE ]  The courier 68 get noticed to pick the order:916ddba3-9c25-4065-8a90-ecf5c40c8394 from Overflow shelf
2021-01-02 01:28:42 406  [ pool-2-thread-18:1167 ] - [ TRACE ]  The courier 68 will pick the order in :2 seconds
2021-01-02 01:28:42 407  [ pool-2-thread-17:1168 ] - [ TRACE ]  The courier 66 will pick the order in :6 seconds
2021-01-02 01:28:42 407  [ pool-1-thread-29:1168 ] - [ TRACE ]  The kitchen 51 put the order:6d2c9eb3-6ff8-408a-a60d-e60eaa467dae into Overflow shelf and call the courier
2021-01-02 01:28:42 408  [ pool-2-thread-19:1169 ] - [ TRACE ]  The courier 70 get noticed to pick the order:60fbe431-7f7f-46c5-8ecf-6a26ae898685 from Hot shelf
2021-01-02 01:28:42 408  [ pool-2-thread-19:1169 ] - [ TRACE ]  The courier 70 will pick the order in :5 seconds
2021-01-02 01:28:42 409  [ pool-2-thread-20:1170 ] - [ TRACE ]  The courier 72 get noticed to pick the order:6d2c9eb3-6ff8-408a-a60d-e60eaa467dae from Overflow shelf
2021-01-02 01:28:42 409  [ pool-2-thread-20:1170 ] - [ TRACE ]  The courier 72 will pick the order in :5 seconds
2021-01-02 01:28:43 380  [ pool-1-thread-41:2141 ] - [ TRACE ]  The kitchen 73 receive and cooked the order:23f5cb3a-fa51-49ad-9e29-83e98d6e7d6f try to put into Frozen shelf
2021-01-02 01:28:43 381  [ pool-1-thread-46:2142 ] - [ TRACE ]  The kitchen 78 receive and cooked the order:5dd79771-4536-4eaa-b64c-63ac606f1357 try to put into Hot shelf
2021-01-02 01:28:43 381  [ pool-1-thread-41:2142 ] - [ TRACE ]  The kitchen 73 is failed to put the order:23f5cb3a-fa51-49ad-9e29-83e98d6e7d6f into Frozen shelf, now try to put it into Overflow shelf
2021-01-02 01:28:43 382  [ pool-1-thread-41:2143 ] - [ TRACE ]  The kitchen 73successfully put the order 23f5cb3a-fa51-49ad-9e29-83e98d6e7d6f to the Overflow shelf
2021-01-02 01:28:43 383  [ pool-1-thread-46:2144 ] - [ TRACE ]  The kitchen 78 is failed to put the order:5dd79771-4536-4eaa-b64c-63ac606f1357 into Hot shelf, now try to put it into Overflow shelf
2021-01-02 01:28:43 383  [ pool-1-thread-45:2144 ] - [ TRACE ]  The kitchen 77 receive and cooked the order:53f012e3-da55-4314-b2e6-28e63f0418ad try to put into Cold shelf
2021-01-02 01:28:43 383  [ pool-1-thread-46:2144 ] - [ TRACE ]  The kitchen 78successfully put the order 5dd79771-4536-4eaa-b64c-63ac606f1357 to the Overflow shelf
2021-01-02 01:28:43 383  [ pool-1-thread-45:2144 ] - [ TRACE ]  The kitchen 77 is failed to put the order:53f012e3-da55-4314-b2e6-28e63f0418ad into Cold shelf, now try to put it into Overflow shelf
2021-01-02 01:28:43 383  [ pool-1-thread-44:2144 ] - [ TRACE ]  The kitchen 76 receive and cooked the order:ed05dafe-d928-4f1a-856d-1dab3868acbd try to put into Hot shelf
2021-01-02 01:28:43 383  [ pool-1-thread-45:2144 ] - [ TRACE ]  The kitchen 77successfully put the order 53f012e3-da55-4314-b2e6-28e63f0418ad to the Overflow shelf
2021-01-02 01:28:43 384  [ pool-1-thread-43:2145 ] - [ TRACE ]  The kitchen 75 receive and cooked the order:cf0932a9-533c-4603-bb1e-512c6e697b92 try to put into Hot shelf
2021-01-02 01:28:43 384  [ pool-1-thread-44:2145 ] - [ TRACE ]  The kitchen 76 is failed to put the order:ed05dafe-d928-4f1a-856d-1dab3868acbd into Hot shelf, now try to put it into Overflow shelf
2021-01-02 01:28:43 384  [ pool-1-thread-44:2145 ] - [ TRACE ]  The kitchen 76successfully put the order ed05dafe-d928-4f1a-856d-1dab3868acbd to the Overflow shelf
2021-01-02 01:28:43 385  [ pool-1-thread-42:2146 ] - [ TRACE ]  The kitchen 74 receive and cooked the order:c700ab30-d7bd-4e45-aafb-4329876c716c try to put into Hot shelf
2021-01-02 01:28:43 385  [ pool-1-thread-43:2146 ] - [ TRACE ]  The kitchen 75 is failed to put the order:cf0932a9-533c-4603-bb1e-512c6e697b92 into Hot shelf, now try to put it into Overflow shelf
2021-01-02 01:28:43 385  [ pool-1-thread-43:2146 ] - [ TRACE ]  The kitchen 75successfully put the order cf0932a9-533c-4603-bb1e-512c6e697b92 to the Overflow shelf
2021-01-02 01:28:43 386  [ pool-1-thread-42:2147 ] - [ TRACE ]  The kitchen 74 is failed to put the order:c700ab30-d7bd-4e45-aafb-4329876c716c into Hot shelf, now try to put it into Overflow shelf
2021-01-02 01:28:43 386  [ pool-1-thread-43:2147 ] - [ TRACE ]  The kitchen 75 put the order:cf0932a9-533c-4603-bb1e-512c6e697b92 into Overflow shelf and call the courier
2021-01-02 01:28:43 386  [ pool-1-thread-42:2147 ] - [ TRACE ]  The kitchen 74 is failed to put the order:c700ab30-d7bd-4e45-aafb-4329876c716c into Overflow shelf
2021-01-02 01:28:43 388  [ pool-1-thread-44:2149 ] - [ TRACE ]  The kitchen 76 put the order:ed05dafe-d928-4f1a-856d-1dab3868acbd into Overflow shelf and call the courier
2021-01-02 01:28:43 389  [ pool-1-thread-45:2150 ] - [ TRACE ]  The kitchen 77 put the order:53f012e3-da55-4314-b2e6-28e63f0418ad into Overflow shelf and call the courier
2021-01-02 01:28:43 390  [ pool-1-thread-46:2151 ] - [ TRACE ]  The kitchen 78 put the order:5dd79771-4536-4eaa-b64c-63ac606f1357 into Overflow shelf and call the courier
2021-01-02 01:28:43 390  [ pool-1-thread-50:2151 ] - [ TRACE ]  The kitchen 82 receive and cooked the order:614e4f4d-b2f4-4b60-9421-238f61affe20 try to put into Frozen shelf
2021-01-02 01:28:43 391  [ pool-1-thread-41:2152 ] - [ TRACE ]  The kitchen 73 put the order:23f5cb3a-fa51-49ad-9e29-83e98d6e7d6f into Overflow shelf and call the courier
2021-01-02 01:28:43 391  [ pool-1-thread-50:2152 ] - [ TRACE ]  The kitchen 82 is failed to put the order:614e4f4d-b2f4-4b60-9421-238f61affe20 into Frozen shelf, now try to put it into Overflow shelf
2021-01-02 01:28:43 392  [ pool-1-thread-50:2153 ] - [ TRACE ]  The kitchen 82 is failed to put the order:614e4f4d-b2f4-4b60-9421-238f61affe20 into Overflow shelf
2021-01-02 01:28:43 392  [ pool-1-thread-49:2153 ] - [ TRACE ]  The kitchen 81 receive and cooked the order:dcafe7ca-f7a7-4262-9b14-ab19729b2055 try to put into Hot shelf
2021-01-02 01:28:43 393  [ pool-1-thread-49:2154 ] - [ TRACE ]  The kitchen 81 is failed to put the order:dcafe7ca-f7a7-4262-9b14-ab19729b2055 into Hot shelf, now try to put it into Overflow shelf
2021-01-02 01:28:43 393  [ pool-1-thread-48:2154 ] - [ TRACE ]  The kitchen 80 receive and cooked the order:f7074980-3424-43d4-9166-f495077a273e try to put into Cold shelf
2021-01-02 01:28:43 393  [ pool-1-thread-49:2154 ] - [ TRACE ]  The kitchen 81 is failed to put the order:dcafe7ca-f7a7-4262-9b14-ab19729b2055 into Overflow shelf
2021-01-02 01:28:43 394  [ pool-1-thread-48:2155 ] - [ TRACE ]  The kitchen 80 is failed to put the order:f7074980-3424-43d4-9166-f495077a273e into Cold shelf, now try to put it into Overflow shelf
2021-01-02 01:28:43 394  [ pool-1-thread-47:2155 ] - [ TRACE ]  The kitchen 79 receive and cooked the order:f84d8263-7aae-4254-85b7-27865ffd76b7 try to put into Cold shelf
2021-01-02 01:28:43 394  [ pool-1-thread-48:2155 ] - [ TRACE ]  The kitchen 80 is failed to put the order:f7074980-3424-43d4-9166-f495077a273e into Overflow shelf
2021-01-02 01:28:43 395  [ pool-1-thread-47:2156 ] - [ TRACE ]  The kitchen 79 is failed to put the order:f84d8263-7aae-4254-85b7-27865ffd76b7 into Cold shelf, now try to put it into Overflow shelf
2021-01-02 01:28:43 395  [ pool-2-thread-25:2156 ] - [ TRACE ]  The courier 92 get noticed to pick the order:23f5cb3a-fa51-49ad-9e29-83e98d6e7d6f from Overflow shelf
2021-01-02 01:28:43 395  [ pool-1-thread-47:2156 ] - [ TRACE ]  The kitchen 79 is failed to put the order:f84d8263-7aae-4254-85b7-27865ffd76b7 into Overflow shelf
2021-01-02 01:28:43 396  [ pool-2-thread-24:2157 ] - [ TRACE ]  The courier 90 get noticed to pick the order:5dd79771-4536-4eaa-b64c-63ac606f1357 from Overflow shelf
2021-01-02 01:28:43 396  [ pool-2-thread-23:2157 ] - [ TRACE ]  The courier 88 get noticed to pick the order:53f012e3-da55-4314-b2e6-28e63f0418ad from Overflow shelf
2021-01-02 01:28:43 397  [ pool-2-thread-22:2158 ] - [ TRACE ]  The courier 86 get noticed to pick the order:ed05dafe-d928-4f1a-856d-1dab3868acbd from Overflow shelf
2021-01-02 01:28:43 397  [ pool-2-thread-21:2158 ] - [ TRACE ]  The courier 84 get noticed to pick the order:cf0932a9-533c-4603-bb1e-512c6e697b92 from Overflow shelf
2021-01-02 01:28:43 398  [ pool-2-thread-22:2159 ] - [ TRACE ]  The courier 86 will pick the order in :4 seconds
2021-01-02 01:28:43 399  [ pool-2-thread-23:2160 ] - [ TRACE ]  The courier 88 will pick the order in :3 seconds
2021-01-02 01:28:43 399  [ pool-2-thread-24:2160 ] - [ TRACE ]  The courier 90 will pick the order in :3 seconds
2021-01-02 01:28:43 400  [ pool-2-thread-25:2161 ] - [ TRACE ]  The courier 92 will pick the order in :2 seconds
2021-01-02 01:28:43 400  [ pool-2-thread-21:2161 ] - [ TRACE ]  The courier 84 will pick the order in :3 seconds
2021-01-02 01:28:43 408  [ pool-2-thread-6:2169 ] - [ TRACE ]  The courier 34 pick up the order:66a2611c-9a93-4ccd-bb85-98f423247bf9 from the Cold shelf and delivered
2021-01-02 01:28:44 385  [ pool-1-thread-56:3146 ] - [ TRACE ]  The kitchen 93 receive and cooked the order:d2d2d948-f019-4806-bb7e-bb2172bd75d9 try to put into Hot shelf
2021-01-02 01:28:44 386  [ pool-1-thread-60:3147 ] - [ TRACE ]  The kitchen 97 receive and cooked the order:3aaccfce-3dbe-4967-a2fb-b6c06b4de61d try to put into Frozen shelf
2021-01-02 01:28:44 386  [ pool-1-thread-56:3147 ] - [ TRACE ]  The kitchen 93 is failed to put the order:d2d2d948-f019-4806-bb7e-bb2172bd75d9 into Hot shelf, now try to put it into Overflow shelf
2021-01-02 01:28:44 386  [ pool-1-thread-56:3147 ] - [ TRACE ]  The kitchen 93 is failed to put the order:d2d2d948-f019-4806-bb7e-bb2172bd75d9 into Overflow shelf
2021-01-02 01:28:44 387  [ pool-1-thread-59:3148 ] - [ TRACE ]  The kitchen 96 receive and cooked the order:e537a1b8-1505-49ae-a71e-a3ab80e8b606 try to put into Hot shelf
2021-01-02 01:28:44 387  [ pool-1-thread-60:3148 ] - [ TRACE ]  The kitchen 97 is failed to put the order:3aaccfce-3dbe-4967-a2fb-b6c06b4de61d into Frozen shelf, now try to put it into Overflow shelf
2021-01-02 01:28:44 387  [ pool-1-thread-60:3148 ] - [ TRACE ]  The kitchen 97 is failed to put the order:3aaccfce-3dbe-4967-a2fb-b6c06b4de61d into Overflow shelf
2021-01-02 01:28:44 387  [ pool-1-thread-59:3148 ] - [ TRACE ]  The kitchen 96 is failed to put the order:e537a1b8-1505-49ae-a71e-a3ab80e8b606 into Hot shelf, now try to put it into Overflow shelf
2021-01-02 01:28:44 387  [ pool-1-thread-58:3148 ] - [ TRACE ]  The kitchen 95 receive and cooked the order:9687809b-8f4b-4a6f-be3f-6e41e4ced3ed try to put into Frozen shelf
2021-01-02 01:28:44 388  [ pool-1-thread-59:3149 ] - [ TRACE ]  The kitchen 96 is failed to put the order:e537a1b8-1505-49ae-a71e-a3ab80e8b606 into Overflow shelf
2021-01-02 01:28:44 388  [ pool-1-thread-57:3149 ] - [ TRACE ]  The kitchen 94 receive and cooked the order:8275f014-ed83-4554-b0ff-0dbdc24e57ad try to put into Hot shelf
2021-01-02 01:28:44 388  [ pool-1-thread-58:3149 ] - [ TRACE ]  The kitchen 95 is failed to put the order:9687809b-8f4b-4a6f-be3f-6e41e4ced3ed into Frozen shelf, now try to put it into Overflow shelf
2021-01-02 01:28:44 388  [ pool-1-thread-58:3149 ] - [ TRACE ]  The kitchen 95 is failed to put the order:9687809b-8f4b-4a6f-be3f-6e41e4ced3ed into Overflow shelf
2021-01-02 01:28:44 389  [ pool-1-thread-57:3150 ] - [ TRACE ]  The kitchen 94 is failed to put the order:8275f014-ed83-4554-b0ff-0dbdc24e57ad into Hot shelf, now try to put it into Overflow shelf
2021-01-02 01:28:44 389  [ pool-1-thread-65:3150 ] - [ TRACE ]  The kitchen 102 receive and cooked the order:87441694-ff97-4d1b-89e3-c4b0b1fd041e try to put into Frozen shelf
2021-01-02 01:28:44 389  [ pool-1-thread-57:3150 ] - [ TRACE ]  The kitchen 94 is failed to put the order:8275f014-ed83-4554-b0ff-0dbdc24e57ad into Overflow shelf
2021-01-02 01:28:44 389  [ pool-1-thread-65:3150 ] - [ TRACE ]  The kitchen 102 is failed to put the order:87441694-ff97-4d1b-89e3-c4b0b1fd041e into Frozen shelf, now try to put it into Overflow shelf
2021-01-02 01:28:44 389  [ pool-1-thread-64:3150 ] - [ TRACE ]  The kitchen 101 receive and cooked the order:345cfefe-692e-4866-986e-99a18bedbf24 try to put into Hot shelf
2021-01-02 01:28:44 389  [ pool-1-thread-65:3150 ] - [ TRACE ]  The kitchen 102 is failed to put the order:87441694-ff97-4d1b-89e3-c4b0b1fd041e into Overflow shelf
2021-01-02 01:28:44 390  [ pool-1-thread-63:3151 ] - [ TRACE ]  The kitchen 100 receive and cooked the order:9748651e-c3f8-4c4a-9de9-5360467c86a2 try to put into Hot shelf
2021-01-02 01:28:44 390  [ pool-1-thread-64:3151 ] - [ TRACE ]  The kitchen 101 is failed to put the order:345cfefe-692e-4866-986e-99a18bedbf24 into Hot shelf, now try to put it into Overflow shelf
2021-01-02 01:28:44 390  [ pool-1-thread-64:3151 ] - [ TRACE ]  The kitchen 101 is failed to put the order:345cfefe-692e-4866-986e-99a18bedbf24 into Overflow shelf
2021-01-02 01:28:44 390  [ pool-1-thread-63:3151 ] - [ TRACE ]  The kitchen 100 is failed to put the order:9748651e-c3f8-4c4a-9de9-5360467c86a2 into Hot shelf, now try to put it into Overflow shelf
2021-01-02 01:28:44 390  [ pool-1-thread-62:3151 ] - [ TRACE ]  The kitchen 99 receive and cooked the order:51c5017b-f812-40ac-8d68-87aab3fbab6a try to put into Frozen shelf
2021-01-02 01:28:44 390  [ pool-1-thread-63:3151 ] - [ TRACE ]  The kitchen 100 is failed to put the order:9748651e-c3f8-4c4a-9de9-5360467c86a2 into Overflow shelf
2021-01-02 01:28:44 391  [ pool-1-thread-62:3152 ] - [ TRACE ]  The kitchen 99 is failed to put the order:51c5017b-f812-40ac-8d68-87aab3fbab6a into Frozen shelf, now try to put it into Overflow shelf
2021-01-02 01:28:44 391  [ pool-1-thread-61:3152 ] - [ TRACE ]  The kitchen 98 receive and cooked the order:1b56ee15-70e7-443e-96cb-0479e9d46381 try to put into Frozen shelf
2021-01-02 01:28:44 391  [ pool-1-thread-62:3152 ] - [ TRACE ]  The kitchen 99 is failed to put the order:51c5017b-f812-40ac-8d68-87aab3fbab6a into Overflow shelf
2021-01-02 01:28:44 392  [ pool-1-thread-61:3153 ] - [ TRACE ]  The kitchen 98 is failed to put the order:1b56ee15-70e7-443e-96cb-0479e9d46381 into Frozen shelf, now try to put it into Overflow shelf
2021-01-02 01:28:44 392  [ pool-1-thread-61:3153 ] - [ TRACE ]  The kitchen 98 is failed to put the order:1b56ee15-70e7-443e-96cb-0479e9d46381 into Overflow shelf
2021-01-02 01:28:44 402  [ pool-2-thread-2:3163 ] - [ TRACE ]  The courier 26 pick up the order:2ec069e3-576f-48eb-869f-74a540ef840c from the Cold shelf and delivered
2021-01-02 01:28:44 408  [ pool-2-thread-18:3169 ] - [ TRACE ]  The courier 68 pick up the order:916ddba3-9c25-4065-8a90-ecf5c40c8394 from the Overflow shelf and delivered
2021-01-02 01:28:44 408  [ pool-2-thread-7:3169 ] - [ TRACE ]  The courier 36 pick up the order:4cc9d503-4e0e-42a3-b200-87c785468df9 from the Cold shelf and delivered
2021-01-02 01:28:44 414  [ pool-2-thread-10:3175 ] - [ TRACE ]  The courier 42 pick up the order:58e9b5fe-3fde-4a27-8e98-682e58a4a65d from the Frozen shelf and delivered
2021-01-02 01:28:45 389  [ pool-1-thread-66:4150 ] - [ TRACE ]  The kitchen 103 receive and cooked the order:3713d8af-e6a0-4c11-966c-f26786dc602c try to put into Frozen shelf
2021-01-02 01:28:45 390  [ pool-1-thread-69:4151 ] - [ TRACE ]  The kitchen 106 receive and cooked the order:a5697bad-48d4-46fd-b3bc-64ef2485907a try to put into Frozen shelf
2021-01-02 01:28:45 390  [ pool-1-thread-66:4151 ] - [ TRACE ]  The kitchen 103successfully put the order 3713d8af-e6a0-4c11-966c-f26786dc602c to the Frozen shelf
2021-01-02 01:28:45 391  [ pool-1-thread-68:4152 ] - [ TRACE ]  The kitchen 105 receive and cooked the order:098604b5-a141-4a5f-a2e3-0b653515cc42 try to put into Hot shelf
2021-01-02 01:28:45 391  [ pool-1-thread-69:4152 ] - [ TRACE ]  The kitchen 106 is failed to put the order:a5697bad-48d4-46fd-b3bc-64ef2485907a into Frozen shelf, now try to put it into Overflow shelf
2021-01-02 01:28:45 391  [ pool-1-thread-69:4152 ] - [ TRACE ]  The kitchen 106successfully put the order a5697bad-48d4-46fd-b3bc-64ef2485907a to the Overflow shelf
2021-01-02 01:28:45 392  [ pool-1-thread-68:4153 ] - [ TRACE ]  The kitchen 105 is failed to put the order:098604b5-a141-4a5f-a2e3-0b653515cc42 into Hot shelf, now try to put it into Overflow shelf
2021-01-02 01:28:45 392  [ pool-1-thread-68:4153 ] - [ TRACE ]  The kitchen 105 is failed to put the order:098604b5-a141-4a5f-a2e3-0b653515cc42 into Overflow shelf
2021-01-02 01:28:45 392  [ pool-1-thread-67:4153 ] - [ TRACE ]  The kitchen 104 receive and cooked the order:20343dea-8856-4717-9be9-be1b37d4791f try to put into Hot shelf
2021-01-02 01:28:45 392  [ pool-1-thread-69:4153 ] - [ TRACE ]  The kitchen 106 put the order:a5697bad-48d4-46fd-b3bc-64ef2485907a into Overflow shelf and call the courier
2021-01-02 01:28:45 392  [ pool-1-thread-67:4153 ] - [ TRACE ]  The kitchen 104 is failed to put the order:20343dea-8856-4717-9be9-be1b37d4791f into Hot shelf, now try to put it into Overflow shelf
2021-01-02 01:28:45 393  [ pool-1-thread-67:4154 ] - [ TRACE ]  The kitchen 104 is failed to put the order:20343dea-8856-4717-9be9-be1b37d4791f into Overflow shelf
2021-01-02 01:28:45 393  [ pool-1-thread-75:4154 ] - [ TRACE ]  The kitchen 112 receive and cooked the order:68515b89-96bf-48b6-a07c-68cf17ca3c25 try to put into Frozen shelf
2021-01-02 01:28:45 394  [ pool-1-thread-75:4155 ] - [ TRACE ]  The kitchen 112 is failed to put the order:68515b89-96bf-48b6-a07c-68cf17ca3c25 into Frozen shelf, now try to put it into Overflow shelf
2021-01-02 01:28:45 394  [ pool-1-thread-74:4155 ] - [ TRACE ]  The kitchen 111 receive and cooked the order:aba0fc48-ec05-422f-aad4-8b8ec4de636d try to put into Frozen shelf
2021-01-02 01:28:45 394  [ pool-1-thread-75:4155 ] - [ TRACE ]  The kitchen 112 is failed to put the order:68515b89-96bf-48b6-a07c-68cf17ca3c25 into Overflow shelf
2021-01-02 01:28:45 395  [ pool-1-thread-73:4156 ] - [ TRACE ]  The kitchen 110 receive and cooked the order:0522c2ec-0242-45e7-8542-f3e98c1384b9 try to put into Hot shelf
2021-01-02 01:28:45 395  [ pool-1-thread-74:4156 ] - [ TRACE ]  The kitchen 111 is failed to put the order:aba0fc48-ec05-422f-aad4-8b8ec4de636d into Frozen shelf, now try to put it into Overflow shelf
2021-01-02 01:28:45 395  [ pool-1-thread-74:4156 ] - [ TRACE ]  The kitchen 111 is failed to put the order:aba0fc48-ec05-422f-aad4-8b8ec4de636d into Overflow shelf
2021-01-02 01:28:45 396  [ pool-1-thread-73:4157 ] - [ TRACE ]  The kitchen 110 is failed to put the order:0522c2ec-0242-45e7-8542-f3e98c1384b9 into Hot shelf, now try to put it into Overflow shelf
2021-01-02 01:28:45 396  [ pool-1-thread-73:4157 ] - [ TRACE ]  The kitchen 110 is failed to put the order:0522c2ec-0242-45e7-8542-f3e98c1384b9 into Overflow shelf
2021-01-02 01:28:45 396  [ pool-1-thread-72:4157 ] - [ TRACE ]  The kitchen 109 receive and cooked the order:a2b13869-6b7e-4e35-8e11-fa9889d24073 try to put into Frozen shelf
2021-01-02 01:28:45 396  [ pool-1-thread-72:4157 ] - [ TRACE ]  The kitchen 109 is failed to put the order:a2b13869-6b7e-4e35-8e11-fa9889d24073 into Frozen shelf, now try to put it into Overflow shelf
2021-01-02 01:28:45 396  [ pool-1-thread-71:4157 ] - [ TRACE ]  The kitchen 108 receive and cooked the order:9df6bbc7-55ee-4f67-8dd1-a9f5ccc56355 try to put into Hot shelf
2021-01-02 01:28:45 396  [ pool-1-thread-72:4157 ] - [ TRACE ]  The kitchen 109 is failed to put the order:a2b13869-6b7e-4e35-8e11-fa9889d24073 into Overflow shelf
2021-01-02 01:28:45 397  [ pool-1-thread-71:4158 ] - [ TRACE ]  The kitchen 108 is failed to put the order:9df6bbc7-55ee-4f67-8dd1-a9f5ccc56355 into Hot shelf, now try to put it into Overflow shelf
2021-01-02 01:28:45 397  [ pool-1-thread-71:4158 ] - [ TRACE ]  The kitchen 108 is failed to put the order:9df6bbc7-55ee-4f67-8dd1-a9f5ccc56355 into Overflow shelf
2021-01-02 01:28:45 397  [ pool-1-thread-66:4158 ] - [ TRACE ]  The kitchen 103 put the order:3713d8af-e6a0-4c11-966c-f26786dc602c into Frozen shelf and call the courier
2021-01-02 01:28:45 397  [ pool-1-thread-70:4158 ] - [ TRACE ]  The kitchen 107 receive and cooked the order:e09f9282-8e05-48a7-8e6e-e23937383735 try to put into Hot shelf
2021-01-02 01:28:45 398  [ pool-2-thread-27:4159 ] - [ TRACE ]  The courier 116 get noticed to pick the order:3713d8af-e6a0-4c11-966c-f26786dc602c from Frozen shelf
2021-01-02 01:28:45 398  [ pool-1-thread-70:4159 ] - [ TRACE ]  The kitchen 107 is failed to put the order:e09f9282-8e05-48a7-8e6e-e23937383735 into Hot shelf, now try to put it into Overflow shelf
2021-01-02 01:28:45 399  [ pool-1-thread-70:4160 ] - [ TRACE ]  The kitchen 107 is failed to put the order:e09f9282-8e05-48a7-8e6e-e23937383735 into Overflow shelf
2021-01-02 01:28:45 399  [ pool-2-thread-26:4160 ] - [ TRACE ]  The courier 114 get noticed to pick the order:a5697bad-48d4-46fd-b3bc-64ef2485907a from Overflow shelf
2021-01-02 01:28:45 399  [ pool-2-thread-27:4160 ] - [ TRACE ]  The courier 116 will pick the order in :5 seconds
2021-01-02 01:28:45 400  [ pool-2-thread-26:4161 ] - [ TRACE ]  The courier 114 will pick the order in :2 seconds
2021-01-02 01:28:45 400  [ pool-2-thread-25:4161 ] - [ TRACE ]  The courier 92 pick up the order:23f5cb3a-fa51-49ad-9e29-83e98d6e7d6f from the Overflow shelf and delivered
2021-01-02 01:28:45 408  [ pool-2-thread-12:4169 ] - [ TRACE ]  The courier 56 pick up the order:d4ead98f-a158-429c-9c0d-28ab0fa830a6 from the Hot shelf and delivered
